Mon 24-Jan-2022 11:31:17 INFO  - [           main] SpringBootTestContextBootstrapper : Neither @ContextConfiguration nor @ContextHierarchy found for test class [com.reloadly.devops.AccountCreationAppApplicationTests], using SpringBootContextLoader
Mon 24-Jan-2022 11:31:17 INFO  - [           main] AbstractContextLoader     : Could not detect default resource locations for test class [com.reloadly.devops.AccountCreationAppApplicationTests]: no resource found for suffixes {-context.xml, Context.groovy}.
Mon 24-Jan-2022 11:31:17 INFO  - [           main] AnnotationConfigContextLoaderUtils : Could not detect default configuration classes for test class [com.reloadly.devops.AccountCreationAppApplicationTests]: AccountCreationAppApplicationTests does not declare any static, non-private, non-final, nested classes annotated with @Configuration.
Mon 24-Jan-2022 11:31:18 INFO  - [           main] SpringBootTestContextBootstrapper : Found @SpringBootConfiguration com.reloadly.devops.AccountCreationAppApplication for test class com.reloadly.devops.AccountCreationAppApplicationTests
Mon 24-Jan-2022 11:31:18 INFO  - [           main] SpringBootTestContextBootstrapper : Loaded default TestExecutionListener class names from location [META-INF/spring.factories]: [org.springframework.boot.test.mock.mockito.MockitoTestExecutionListener, org.springframework.boot.test.mock.mockito.ResetMocksTestExecutionListener, org.springframework.boot.test.autoconfigure.restdocs.RestDocsTestExecutionListener, org.springframework.boot.test.autoconfigure.web.client.MockRestServiceServerResetTestExecutionListener, org.springframework.boot.test.autoconfigure.web.servlet.MockMvcPrintOnlyOnFailureTestExecutionListener, org.springframework.boot.test.autoconfigure.web.servlet.WebDriverTestExecutionListener, org.springframework.boot.test.autoconfigure.webservices.client.MockWebServiceServerTestExecutionListener, org.springframework.test.context.web.ServletTestExecutionListener, org.springframework.test.context.support.DirtiesContextBeforeModesTestExecutionListener, org.springframework.test.context.support.DependencyInjectionTestExecutionListener, org.springframework.test.context.support.DirtiesContextTestExecutionListener, org.springframework.test.context.transaction.TransactionalTestExecutionListener, org.springframework.test.context.jdbc.SqlScriptsTestExecutionListener, org.springframework.test.context.event.EventPublishingTestExecutionListener]
Mon 24-Jan-2022 11:31:18 INFO  - [           main] SpringBootTestContextBootstrapper : Using TestExecutionListeners: [org.springframework.test.context.web.ServletTestExecutionListener@1817f1eb, org.springframework.test.context.support.DirtiesContextBeforeModesTestExecutionListener@767e20cf, org.springframework.boot.test.mock.mockito.MockitoTestExecutionListener@3a3e78f, org.springframework.boot.test.autoconfigure.SpringBootDependencyInjectionTestExecutionListener@301ec38b, org.springframework.test.context.support.DirtiesContextTestExecutionListener@17a1e4ca, org.springframework.test.context.transaction.TransactionalTestExecutionListener@10ded6a9, org.springframework.test.context.jdbc.SqlScriptsTestExecutionListener@c5dc4a2, org.springframework.test.context.event.EventPublishingTestExecutionListener@4a194c39, org.springframework.boot.test.mock.mockito.ResetMocksTestExecutionListener@52066604, org.springframework.boot.test.autoconfigure.restdocs.RestDocsTestExecutionListener@340b9973, org.springframework.boot.test.autoconfigure.web.client.MockRestServiceServerResetTestExecutionListener@56113384, org.springframework.boot.test.autoconfigure.web.servlet.MockMvcPrintOnlyOnFailureTestExecutionListener@5669c5fb, org.springframework.boot.test.autoconfigure.web.servlet.WebDriverTestExecutionListener@373ebf74, org.springframework.boot.test.autoconfigure.webservices.client.MockWebServiceServerTestExecutionListener@5f9678e1]
Mon 24-Jan-2022 11:31:20 INFO  - [init] Version                   : HV000001: Hibernate Validator 6.1.6.Final
Mon 24-Jan-2022 11:31:20 INFO  - [           main] AccountCreationAppApplicationTests : Starting AccountCreationAppApplicationTests using Java 1.8.0_221 on DESKTOP-2N2OQGT with PID 3068 (started by Uche Kamani in C:\Users\Uche Kamani\Documents\STS4Projects\account-creation-app)
Mon 24-Jan-2022 11:31:20 INFO  - [           main] AccountCreationAppApplicationTests : The following profiles are active: dev
Mon 24-Jan-2022 11:31:27 INFO  - [           main] RepositoryConfigurationDelegate : Bootstrapping Spring Data JPA repositories in DEFAULT mode.
Mon 24-Jan-2022 11:31:27 INFO  - [           main] RepositoryConfigurationDelegate : Finished Spring Data repository scanning in 505 ms. Found 5 JPA repository interfaces.
Mon 24-Jan-2022 11:31:29 INFO  - [           main] PostProcessorRegistrationDelegate$BeanPostProcessorChecker : Bean 'appProperties' of type [com.reloadly.devops.utilities.AppProperties$$EnhancerBySpringCGLIB$$9fb3e8d8] is not eligible for getting processed by all BeanPostProcessors (for example: not eligible for auto-proxying)
Mon 24-Jan-2022 11:31:29 INFO  - [           main] PostProcessorRegistrationDelegate$BeanPostProcessorChecker : Bean 'asyncConfig' of type [com.reloadly.devops.configs.AsyncConfig$$EnhancerBySpringCGLIB$$88268489] is not eligible for getting processed by all BeanPostProcessors (for example: not eligible for auto-proxying)
Mon 24-Jan-2022 11:31:29 INFO  - [           main] PostProcessorRegistrationDelegate$BeanPostProcessorChecker : Bean 'org.springframework.security.access.expression.method.DefaultMethodSecurityExpressionHandler@54db056b' of type [org.springframework.security.access.expression.method.DefaultMethodSecurityExpressionHandler] is not eligible for getting processed by all BeanPostProcessors (for example: not eligible for auto-proxying)
Mon 24-Jan-2022 11:31:30 INFO  - [           main] PostProcessorRegistrationDelegate$BeanPostProcessorChecker : Bean 'methodSecurityMetadataSource' of type [org.springframework.security.access.method.DelegatingMethodSecurityMetadataSource] is not eligible for getting processed by all BeanPostProcessors (for example: not eligible for auto-proxying)
Mon 24-Jan-2022 11:31:30 INFO  - [           main] EncryptUtil               : ---->>> Commencing data decryption
Mon 24-Jan-2022 11:31:31 INFO  - [           main] EncryptUtil               : ---->>> Commencing data decryption
Mon 24-Jan-2022 11:31:32 INFO  - [           main] LogHelper                 : HHH000204: Processing PersistenceUnitInfo [name: default]
Mon 24-Jan-2022 11:31:33 INFO  - [           main] Version                   : HHH000412: Hibernate ORM core version 5.4.25.Final
Mon 24-Jan-2022 11:31:34 INFO  - [           main] Version                   : HCANN000001: Hibernate Commons Annotations {5.1.2.Final}
Mon 24-Jan-2022 11:31:35 INFO  - [           main] HikariDataSource          : HikariPool-1 - Starting...
Mon 24-Jan-2022 11:31:35 WARN  - [           main] DriverDataSource          : Registered driver with driverClassName=com.mysql.jdbc.Driver was not found, trying direct instantiation.
Mon 24-Jan-2022 11:31:36 INFO  - [           main] HikariDataSource          : HikariPool-1 - Start completed.
Mon 24-Jan-2022 11:31:37 INFO  - [           main] Dialect                   : HHH000400: Using dialect: org.hibernate.dialect.MySQL5Dialect
Mon 24-Jan-2022 11:31:49 INFO  - [           main] JtaPlatformInitiator      : HHH000490: Using JtaPlatform implementation: [org.hibernate.engine.transaction.jta.platform.internal.NoJtaPlatform]
Mon 24-Jan-2022 11:31:49 INFO  - [           main] LocalContainerEntityManagerFactoryBean : Initialized JPA EntityManagerFactory for persistence unit 'default'
Mon 24-Jan-2022 11:31:52 INFO  - [           main] RestTemplateConfig        : ---->>> Setting up certificate link and  communication
Mon 24-Jan-2022 11:31:56 WARN  - [           main] JpaBaseConfiguration$JpaWebConfiguration : spring.jpa.open-in-view is enabled by default. Therefore, database queries may be performed during view rendering. Explicitly configure spring.jpa.open-in-view to disable this warning
Mon 24-Jan-2022 11:31:57 INFO  - [           main] UserDetailsServiceAutoConfiguration : 

Using generated security password: 8ae3caed-4802-486f-8e46-8fdefc53bcd5

Mon 24-Jan-2022 11:31:59 INFO  - [           main] DefaultSecurityFilterChain : Will secure any request with [org.springframework.security.web.context.request.async.WebAsyncManagerIntegrationFilter@2d3bb944, org.springframework.security.web.context.SecurityContextPersistenceFilter@6f976c, org.springframework.security.web.header.HeaderWriterFilter@4db16677, org.springframework.security.web.authentication.logout.LogoutFilter@3f033664, org.springframework.security.oauth2.provider.authentication.OAuth2AuthenticationProcessingFilter@46a97805, org.springframework.security.web.savedrequest.RequestCacheAwareFilter@3cc6f036, org.springframework.security.web.servletapi.SecurityContextHolderAwareRequestFilter@5a6af2c4, org.springframework.security.web.authentication.AnonymousAuthenticationFilter@1e429f56, org.springframework.security.web.session.SessionManagementFilter@62de20d3, org.springframework.security.web.access.ExceptionTranslationFilter@24cbf894, org.springframework.security.web.access.intercept.FilterSecurityInterceptor@54970127]
Mon 24-Jan-2022 11:32:02 INFO  - [           main] ThreadPoolTaskExecutor    : Initializing ExecutorService 'applicationTaskExecutor'
Mon 24-Jan-2022 11:32:08 INFO  - [           main] AccountCreationAppApplicationTests : Started AccountCreationAppApplicationTests in 48.811 seconds (JVM running for 54.273)
Mon 24-Jan-2022 11:32:09 INFO  - [Hook] ThreadPoolTaskExecutor    : Shutting down ExecutorService 'applicationTaskExecutor'
Mon 24-Jan-2022 11:32:09 INFO  - [Hook] LocalContainerEntityManagerFactoryBean : Closing JPA EntityManagerFactory for persistence unit 'default'
Mon 24-Jan-2022 11:32:09 INFO  - [Hook] HikariDataSource          : HikariPool-1 - Shutdown initiated...
Mon 24-Jan-2022 11:32:09 INFO  - [Hook] HikariDataSource          : HikariPool-1 - Shutdown completed.
